<?xml version="1.0" encoding="UTF-8"?>
<!-- Generated by org.testng.reporters.JUnitXMLReporter -->
<testsuite hostname="DESKTOP-ICKQOFK" ignored="1" name="Personal loan" tests="5" failures="0" timestamp="17 Jul 2020 09:10:56 GMT" time="0.175" errors="0">
  <testcase name="Demo" time="0.021" classname="test.day1"/>
  <testcase name="ploan" time="0.022" classname="test.day2"/>
  <testcase name="LoginAPIHomeLoan" time="0.017" classname="test.day4"/>
  <testcase name="MobileLoginHomeLoan" time="0.005" classname="test.day4"/>
  <testcase name="WebloginHomeLoan" time="0.001" classname="test.day4"/>
  <testcase name="SecondTest" time="0.0" classname="test.day1">
    <ignored/>
  </testcase> <!-- SecondTest -->
</testsuite> <!-- Personal loan -->
