<?xml version="1.0" encoding="UTF-8"?>
<testng-results skipped="0" failed="0" ignored="0" total="3" passed="3">
  <reporter-output>
  </reporter-output>
  <suite name="TestSuite" duration-ms="24430" started-at="2020-07-17T05:14:19Z" finished-at="2020-07-17T05:14:44Z">
    <groups>
    </groups>
    <test name="testGuru" duration-ms="24430" started-at="2020-07-17T05:14:19Z" finished-at="2020-07-17T05:14:44Z">
      <class name="TestGuru99MultipleSession">
        <test-method status="PASS" signature="executSessionThree()[pri:0, instance:TestGuru99MultipleSession@215be6bb]" name="executSessionThree" duration-ms="23971" started-at="2020-07-17T05:14:19Z" finished-at="2020-07-17T05:14:43Z">
          <reporter-output>
          </reporter-output>
        </test-method> <!-- executSessionThree -->
        <test-method status="PASS" signature="executeSessionTwo()[pri:0, instance:TestGuru99MultipleSession@215be6bb]" name="executeSessionTwo" duration-ms="24294" started-at="2020-07-17T05:14:19Z" finished-at="2020-07-17T05:14:44Z">
          <reporter-output>
          </reporter-output>
        </test-method> <!-- executeSessionTwo -->
        <test-method status="PASS" signature="executSessionOne()[pri:0, instance:TestGuru99MultipleSession@215be6bb]" name="executSessionOne" duration-ms="24234" started-at="2020-07-17T05:14:19Z" finished-at="2020-07-17T05:14:43Z">
          <reporter-output>
          </reporter-output>
        </test-method> <!-- executSessionOne -->
      </class> <!-- TestGuru99MultipleSession -->
    </test> <!-- testGuru -->
  </suite> <!-- TestSuite -->
</testng-results>
