<?xml version="1.0" encoding="UTF-8"?>
<testng-results skipped="0" failed="0" ignored="0" total="1" passed="1">
  <reporter-output>
  </reporter-output>
  <suite name="Default suite" duration-ms="43747" started-at="2020-07-21T16:38:29Z" finished-at="2020-07-21T16:39:13Z">
    <groups>
    </groups>
    <test name="Default test" duration-ms="43747" started-at="2020-07-21T16:38:29Z" finished-at="2020-07-21T16:39:13Z">
      <class name="Testcases.LoginApplication">
        <test-method status="PASS" signature="Login()[pri:0, instance:Testcases.LoginApplication@5dfcfece]" name="Login" duration-ms="43623" started-at="2020-07-21T16:38:29Z" finished-at="2020-07-21T16:39:13Z">
          <reporter-output>
          </reporter-output>
        </test-method> <!-- Login -->
      </class> <!-- Testcases.LoginApplication -->
    </test> <!-- Default test -->
  </suite> <!-- Default suite -->
</testng-results>
