<?xml version="1.0" encoding="UTF-8"?>
<!-- Generated by org.testng.reporters.JUnitXMLReporter -->
<testsuite hostname="DESKTOP-ICKQOFK" ignored="0" tests="3" failures="0" timestamp="17 Jul 2020 05:14:44 GMT" time="24.43" errors="0">
  <testcase name="executSessionThree" time="23.971" classname="TestGuru99MultipleSession"/>
  <testcase name="executSessionOne" time="24.234" classname="TestGuru99MultipleSession"/>
  <testcase name="executeSessionTwo" time="24.294" classname="TestGuru99MultipleSession"/>
</testsuite>
