<?xml version="1.0" encoding="UTF-8"?>
<testng-results skipped="0" failed="0" ignored="0" total="1" passed="1">
  <reporter-output>
  </reporter-output>
  <suite name="Default suite" duration-ms="1017" started-at="2020-07-21T06:11:11Z" finished-at="2020-07-21T06:11:12Z">
    <groups>
    </groups>
    <test name="Default test" duration-ms="1017" started-at="2020-07-21T06:11:11Z" finished-at="2020-07-21T06:11:12Z">
      <class name="add">
        <test-method status="PASS" signature="Test(java.lang.String, java.lang.String)[pri:0, instance:add@4f933fd1]" name="Test" duration-ms="17" started-at="2020-07-21T06:11:12Z" data-provider="addition" finished-at="2020-07-21T06:11:12Z">
          <params>
            <param index="0">
              <value>
                <![CDATA[32.0]]>
              </value>
            </param>
            <param index="1">
              <value>
                <![CDATA[23.0]]>
              </value>
            </param>
          </params>
          <reporter-output>
          </reporter-output>
        </test-method> <!-- Test -->
      </class> <!-- add -->
    </test> <!-- Default test -->
  </suite> <!-- Default suite -->
</testng-results>
