<?xml version="1.0" encoding="UTF-8"?>
<!-- Generated by org.testng.reporters.JUnitXMLReporter -->
<testsuite hostname="DESKTOP-ICKQOFK" ignored="0" name="Test" tests="6" failures="0" timestamp="20 Jul 2020 11:23:10 GMT" time="0.157" errors="0">
  <testcase name="BrowserAUtomation" time="0.031" classname="quickstart.MavenJava.SeleniumTest"/>
  <testcase name="elementsUi" time="0.0" classname="quickstart.MavenJava.SeleniumTest"/>
  <testcase name="deleteTwitter" time="0.0" classname="quickstart.MavenJava.RESTAPITest"/>
  <testcase name="postJira" time="0.016" classname="quickstart.MavenJava.RESTAPITest"/>
  <testcase name="IOSApps" time="0.016" classname="quickstart.MavenJava.AppiumTest"/>
  <testcase name="NativeAPpAndroid" time="0.016" classname="quickstart.MavenJava.AppiumTest"/>
</testsuite> <!-- Test -->
